[0.041s] Invoking command in '/home/nuc/ros2_arm/src/arm_packet/build/arm_packet': CMAKE_PREFIX_PATH=${CMAKE_PREFIX_PATH}:/home/nuc/ros2_rolling/install/rqt_bag_plugins:/home/nuc/ros2_rolling/install/rqt_bag:/home/nuc/ros2_rolling/install/ros2bag:/home/nuc/ros2_rolling/install/tracetools_launch:/home/nuc/ros2_rolling/install/topic_monitor:/home/nuc/ros2_rolling/install/tf2_tools:/home/nuc/ros2_rolling/install/examples_tf2_py:/home/nuc/ros2_rolling/install/tf2_ros_py:/home/nuc/ros2_rolling/install/sros2:/home/nuc/ros2_rolling/install/rqt_topic:/home/nuc/ros2_rolling/install/rqt_srv:/home/nuc/ros2_rolling/install/rqt_shell:/home/nuc/ros2_rolling/install/rqt_service_caller:/home/nuc/ros2_rolling/install/rqt_reconfigure:/home/nuc/ros2_rolling/install/rqt_py_console:/home/nuc/ros2_rolling/install/rqt_publisher:/home/nuc/ros2_rolling/install/rqt_plot:/home/nuc/ros2_rolling/install/rqt_action:/home/nuc/ros2_rolling/install/rqt_msg:/home/nuc/ros2_rolling/install/rqt_console:/home/nuc/ros2_rolling/install/rqt:/home/nuc/ros2_rolling/install/rqt_graph:/home/nuc/ros2_rolling/install/rqt_gui_py:/home/nuc/ros2_rolling/install/rqt_gui:/home/nuc/ros2_rolling/install/ros2trace:/home/nuc/ros2_rolling/install/ros2topic:/home/nuc/ros2_rolling/install/ros2test:/home/nuc/ros2_rolling/install/ros2component:/home/nuc/ros2_rolling/install/ros2param:/home/nuc/ros2_rolling/install/ros2lifecycle:/home/nuc/ros2_rolling/install/ros2service:/home/nuc/ros2_rolling/install/ros2run:/home/nuc/ros2_rolling/install/ros2launch:/home/nuc/ros2_rolling/install/ros2pkg:/home/nuc/ros2_rolling/install/ros2node:/home/nuc/ros2_rolling/install/ros2multicast:/home/nuc/ros2_rolling/install/ros2interface:/home/nuc/ros2_rolling/install/ros2doctor:/home/nuc/ros2_rolling/install/ros2action:/home/nuc/ros2_rolling/install/ros2cli:/home/nuc/ros2_rolling/install/quality_of_service_demo_py:/home/nuc/ros2_rolling/install/launch_testing_ros:/home/nuc/ros2_rolling/install/launch_ros:/home/nuc/ros2_rolling/install/examples_rclpy_pointcloud_publisher:/home/nuc/ros2_rolling/install/examples_rclpy_minimal_subscriber:/home/nuc/ros2_rolling/install/examples_rclpy_minimal_service:/home/nuc/ros2_rolling/install/examples_rclpy_minimal_publisher:/home/nuc/ros2_rolling/install/examples_rclpy_minimal_client:/home/nuc/ros2_rolling/install/examples_rclpy_minimal_action_server:/home/nuc/ros2_rolling/install/examples_rclpy_minimal_action_client:/home/nuc/ros2_rolling/install/examples_rclpy_guard_conditions:/home/nuc/ros2_rolling/install/examples_rclpy_executors:/home/nuc/ros2_rolling/install/demo_nodes_py:/home/nuc/ros2_rolling/install/action_tutorials_py:/home/nuc/ros2_rolling/install/ament_uncrustify:/home/nuc/ros2_rolling/install/tracetools_trace:/home/nuc/ros2_rolling/install/tracetools_read:/home/nuc/ros2_rolling/install/test_launch_ros:/home/nuc/ros2_rolling/install/sensor_msgs_py:/home/nuc/ros2_rolling/install/rpyutils:/home/nuc/ros2_rolling/install/rosidl_runtime_py:/home/nuc/ros2_rolling/install/rosidl_cli:/home/nuc/ros2_rolling/install/launch_yaml:/home/nuc/ros2_rolling/install/launch_xml:/home/nuc/ros2_rolling/install/launch_testing:/home/nuc/ros2_rolling/install/launch:/home/nuc/ros2_rolling/install/osrf_pycommon:/home/nuc/ros2_rolling/install/domain_coordinator:/home/nuc/ros2_rolling/install/ament_xmllint:/home/nuc/ros2_rolling/install/ament_pyflakes:/home/nuc/ros2_rolling/install/ament_pycodestyle:/home/nuc/ros2_rolling/install/ament_pep257:/home/nuc/ros2_rolling/install/ament_pclint:/home/nuc/ros2_rolling/install/ament_package:/home/nuc/ros2_rolling/install/ament_mypy:/home/nuc/ros2_rolling/install/ament_lint_cmake:/home/nuc/ros2_rolling/install/ament_flake8:/home/nuc/ros2_rolling/install/ament_copyright:/home/nuc/ros2_rolling/install/ament_lint:/home/nuc/ros2_rolling/install/ament_index_python:/home/nuc/ros2_rolling/install/ament_cpplint:/home/nuc/ros2_rolling/install/ament_cppcheck:/home/nuc/ros2_rolling/install/ament_clang_tidy:/home/nuc/ros2_rolling/install/ament_clang_format:/opt/ros/foxy /usr/bin/cmake /home/nuc/ros2_arm/src/arm_packet -DCMAKE_INSTALL_PREFIX=/home/nuc/ros2_arm/src/arm_packet/install/arm_packet
[0.073s] -- Found ament_cmake: 1.1.3 (/home/nuc/ros2_rolling/install/ament_cmake/share/ament_cmake/cmake)
[0.443s] -- Using PYTHON_EXECUTABLE: /usr/bin/python3
[0.909s] -- Found rclcpp: 9.0.2 (/home/nuc/ros2_rolling/install/rclcpp/share/rclcpp/cmake)
[1.005s] -- Using all available rosidl_typesupport_c: rosidl_typesupport_introspection_c;rosidl_typesupport_fastrtps_c
[1.009s] -- Found rosidl_adapter: 2.2.1 (/home/nuc/ros2_rolling/install/rosidl_adapter/share/rosidl_adapter/cmake)
[1.247s] -- Using all available rosidl_typesupport_cpp: rosidl_typesupport_introspection_cpp;rosidl_typesupport_fastrtps_cpp
[1.302s] -- Found rmw_implementation_cmake: 3.3.0 (/home/nuc/ros2_rolling/install/rmw_implementation_cmake/share/rmw_implementation_cmake/cmake)
[1.333s] -- Found rmw_cyclonedds_cpp: 0.22.1 (/home/nuc/ros2_rolling/install/rmw_cyclonedds_cpp/share/rmw_cyclonedds_cpp/cmake)
[1.380s] -- Using RMW implementation 'rmw_cyclonedds_cpp' as default
[1.520s] -- Found sensor_msgs: 2.2.2 (/home/nuc/ros2_rolling/install/sensor_msgs/share/sensor_msgs/cmake)
[1.635s] -- Found dynamixel_sdk: 3.7.40 (/opt/ros/foxy/share/dynamixel_sdk/cmake)
[2.134s] -- Configuring done
[2.145s] -- Generating done
[2.147s] -- Build files have been written to: /home/nuc/ros2_arm/src/arm_packet/build/arm_packet
[2.152s] Invoked command in '/home/nuc/ros2_arm/src/arm_packet/build/arm_packet' returned '0': CMAKE_PREFIX_PATH=${CMAKE_PREFIX_PATH}:/home/nuc/ros2_rolling/install/rqt_bag_plugins:/home/nuc/ros2_rolling/install/rqt_bag:/home/nuc/ros2_rolling/install/ros2bag:/home/nuc/ros2_rolling/install/tracetools_launch:/home/nuc/ros2_rolling/install/topic_monitor:/home/nuc/ros2_rolling/install/tf2_tools:/home/nuc/ros2_rolling/install/examples_tf2_py:/home/nuc/ros2_rolling/install/tf2_ros_py:/home/nuc/ros2_rolling/install/sros2:/home/nuc/ros2_rolling/install/rqt_topic:/home/nuc/ros2_rolling/install/rqt_srv:/home/nuc/ros2_rolling/install/rqt_shell:/home/nuc/ros2_rolling/install/rqt_service_caller:/home/nuc/ros2_rolling/install/rqt_reconfigure:/home/nuc/ros2_rolling/install/rqt_py_console:/home/nuc/ros2_rolling/install/rqt_publisher:/home/nuc/ros2_rolling/install/rqt_plot:/home/nuc/ros2_rolling/install/rqt_action:/home/nuc/ros2_rolling/install/rqt_msg:/home/nuc/ros2_rolling/install/rqt_console:/home/nuc/ros2_rolling/install/rqt:/home/nuc/ros2_rolling/install/rqt_graph:/home/nuc/ros2_rolling/install/rqt_gui_py:/home/nuc/ros2_rolling/install/rqt_gui:/home/nuc/ros2_rolling/install/ros2trace:/home/nuc/ros2_rolling/install/ros2topic:/home/nuc/ros2_rolling/install/ros2test:/home/nuc/ros2_rolling/install/ros2component:/home/nuc/ros2_rolling/install/ros2param:/home/nuc/ros2_rolling/install/ros2lifecycle:/home/nuc/ros2_rolling/install/ros2service:/home/nuc/ros2_rolling/install/ros2run:/home/nuc/ros2_rolling/install/ros2launch:/home/nuc/ros2_rolling/install/ros2pkg:/home/nuc/ros2_rolling/install/ros2node:/home/nuc/ros2_rolling/install/ros2multicast:/home/nuc/ros2_rolling/install/ros2interface:/home/nuc/ros2_rolling/install/ros2doctor:/home/nuc/ros2_rolling/install/ros2action:/home/nuc/ros2_rolling/install/ros2cli:/home/nuc/ros2_rolling/install/quality_of_service_demo_py:/home/nuc/ros2_rolling/install/launch_testing_ros:/home/nuc/ros2_rolling/install/launch_ros:/home/nuc/ros2_rolling/install/examples_rclpy_pointcloud_publisher:/home/nuc/ros2_rolling/install/examples_rclpy_minimal_subscriber:/home/nuc/ros2_rolling/install/examples_rclpy_minimal_service:/home/nuc/ros2_rolling/install/examples_rclpy_minimal_publisher:/home/nuc/ros2_rolling/install/examples_rclpy_minimal_client:/home/nuc/ros2_rolling/install/examples_rclpy_minimal_action_server:/home/nuc/ros2_rolling/install/examples_rclpy_minimal_action_client:/home/nuc/ros2_rolling/install/examples_rclpy_guard_conditions:/home/nuc/ros2_rolling/install/examples_rclpy_executors:/home/nuc/ros2_rolling/install/demo_nodes_py:/home/nuc/ros2_rolling/install/action_tutorials_py:/home/nuc/ros2_rolling/install/ament_uncrustify:/home/nuc/ros2_rolling/install/tracetools_trace:/home/nuc/ros2_rolling/install/tracetools_read:/home/nuc/ros2_rolling/install/test_launch_ros:/home/nuc/ros2_rolling/install/sensor_msgs_py:/home/nuc/ros2_rolling/install/rpyutils:/home/nuc/ros2_rolling/install/rosidl_runtime_py:/home/nuc/ros2_rolling/install/rosidl_cli:/home/nuc/ros2_rolling/install/launch_yaml:/home/nuc/ros2_rolling/install/launch_xml:/home/nuc/ros2_rolling/install/launch_testing:/home/nuc/ros2_rolling/install/launch:/home/nuc/ros2_rolling/install/osrf_pycommon:/home/nuc/ros2_rolling/install/domain_coordinator:/home/nuc/ros2_rolling/install/ament_xmllint:/home/nuc/ros2_rolling/install/ament_pyflakes:/home/nuc/ros2_rolling/install/ament_pycodestyle:/home/nuc/ros2_rolling/install/ament_pep257:/home/nuc/ros2_rolling/install/ament_pclint:/home/nuc/ros2_rolling/install/ament_package:/home/nuc/ros2_rolling/install/ament_mypy:/home/nuc/ros2_rolling/install/ament_lint_cmake:/home/nuc/ros2_rolling/install/ament_flake8:/home/nuc/ros2_rolling/install/ament_copyright:/home/nuc/ros2_rolling/install/ament_lint:/home/nuc/ros2_rolling/install/ament_index_python:/home/nuc/ros2_rolling/install/ament_cpplint:/home/nuc/ros2_rolling/install/ament_cppcheck:/home/nuc/ros2_rolling/install/ament_clang_tidy:/home/nuc/ros2_rolling/install/ament_clang_format:/opt/ros/foxy /usr/bin/cmake /home/nuc/ros2_arm/src/arm_packet -DCMAKE_INSTALL_PREFIX=/home/nuc/ros2_arm/src/arm_packet/install/arm_packet
[2.156s] Invoking command in '/home/nuc/ros2_arm/src/arm_packet/build/arm_packet': CMAKE_PREFIX_PATH=${CMAKE_PREFIX_PATH}:/home/nuc/ros2_rolling/install/rqt_bag_plugins:/home/nuc/ros2_rolling/install/rqt_bag:/home/nuc/ros2_rolling/install/ros2bag:/home/nuc/ros2_rolling/install/tracetools_launch:/home/nuc/ros2_rolling/install/topic_monitor:/home/nuc/ros2_rolling/install/tf2_tools:/home/nuc/ros2_rolling/install/examples_tf2_py:/home/nuc/ros2_rolling/install/tf2_ros_py:/home/nuc/ros2_rolling/install/sros2:/home/nuc/ros2_rolling/install/rqt_topic:/home/nuc/ros2_rolling/install/rqt_srv:/home/nuc/ros2_rolling/install/rqt_shell:/home/nuc/ros2_rolling/install/rqt_service_caller:/home/nuc/ros2_rolling/install/rqt_reconfigure:/home/nuc/ros2_rolling/install/rqt_py_console:/home/nuc/ros2_rolling/install/rqt_publisher:/home/nuc/ros2_rolling/install/rqt_plot:/home/nuc/ros2_rolling/install/rqt_action:/home/nuc/ros2_rolling/install/rqt_msg:/home/nuc/ros2_rolling/install/rqt_console:/home/nuc/ros2_rolling/install/rqt:/home/nuc/ros2_rolling/install/rqt_graph:/home/nuc/ros2_rolling/install/rqt_gui_py:/home/nuc/ros2_rolling/install/rqt_gui:/home/nuc/ros2_rolling/install/ros2trace:/home/nuc/ros2_rolling/install/ros2topic:/home/nuc/ros2_rolling/install/ros2test:/home/nuc/ros2_rolling/install/ros2component:/home/nuc/ros2_rolling/install/ros2param:/home/nuc/ros2_rolling/install/ros2lifecycle:/home/nuc/ros2_rolling/install/ros2service:/home/nuc/ros2_rolling/install/ros2run:/home/nuc/ros2_rolling/install/ros2launch:/home/nuc/ros2_rolling/install/ros2pkg:/home/nuc/ros2_rolling/install/ros2node:/home/nuc/ros2_rolling/install/ros2multicast:/home/nuc/ros2_rolling/install/ros2interface:/home/nuc/ros2_rolling/install/ros2doctor:/home/nuc/ros2_rolling/install/ros2action:/home/nuc/ros2_rolling/install/ros2cli:/home/nuc/ros2_rolling/install/quality_of_service_demo_py:/home/nuc/ros2_rolling/install/launch_testing_ros:/home/nuc/ros2_rolling/install/launch_ros:/home/nuc/ros2_rolling/install/examples_rclpy_pointcloud_publisher:/home/nuc/ros2_rolling/install/examples_rclpy_minimal_subscriber:/home/nuc/ros2_rolling/install/examples_rclpy_minimal_service:/home/nuc/ros2_rolling/install/examples_rclpy_minimal_publisher:/home/nuc/ros2_rolling/install/examples_rclpy_minimal_client:/home/nuc/ros2_rolling/install/examples_rclpy_minimal_action_server:/home/nuc/ros2_rolling/install/examples_rclpy_minimal_action_client:/home/nuc/ros2_rolling/install/examples_rclpy_guard_conditions:/home/nuc/ros2_rolling/install/examples_rclpy_executors:/home/nuc/ros2_rolling/install/demo_nodes_py:/home/nuc/ros2_rolling/install/action_tutorials_py:/home/nuc/ros2_rolling/install/ament_uncrustify:/home/nuc/ros2_rolling/install/tracetools_trace:/home/nuc/ros2_rolling/install/tracetools_read:/home/nuc/ros2_rolling/install/test_launch_ros:/home/nuc/ros2_rolling/install/sensor_msgs_py:/home/nuc/ros2_rolling/install/rpyutils:/home/nuc/ros2_rolling/install/rosidl_runtime_py:/home/nuc/ros2_rolling/install/rosidl_cli:/home/nuc/ros2_rolling/install/launch_yaml:/home/nuc/ros2_rolling/install/launch_xml:/home/nuc/ros2_rolling/install/launch_testing:/home/nuc/ros2_rolling/install/launch:/home/nuc/ros2_rolling/install/osrf_pycommon:/home/nuc/ros2_rolling/install/domain_coordinator:/home/nuc/ros2_rolling/install/ament_xmllint:/home/nuc/ros2_rolling/install/ament_pyflakes:/home/nuc/ros2_rolling/install/ament_pycodestyle:/home/nuc/ros2_rolling/install/ament_pep257:/home/nuc/ros2_rolling/install/ament_pclint:/home/nuc/ros2_rolling/install/ament_package:/home/nuc/ros2_rolling/install/ament_mypy:/home/nuc/ros2_rolling/install/ament_lint_cmake:/home/nuc/ros2_rolling/install/ament_flake8:/home/nuc/ros2_rolling/install/ament_copyright:/home/nuc/ros2_rolling/install/ament_lint:/home/nuc/ros2_rolling/install/ament_index_python:/home/nuc/ros2_rolling/install/ament_cpplint:/home/nuc/ros2_rolling/install/ament_cppcheck:/home/nuc/ros2_rolling/install/ament_clang_tidy:/home/nuc/ros2_rolling/install/ament_clang_format:/opt/ros/foxy /usr/bin/cmake --build /home/nuc/ros2_arm/src/arm_packet/build/arm_packet -- -j4 -l4
[2.244s] [35m[1mScanning dependencies of target arm_packet[0m
[2.244s] [35m[1mScanning dependencies of target arm_controll[0m
[2.269s] [ 25%] [32mBuilding CXX object CMakeFiles/arm_packet.dir/include/arm.cpp.o[0m
[2.326s] [ 50%] [32mBuilding CXX object CMakeFiles/arm_controll.dir/src/arm_controll.cpp.o[0m
[2.353s] In file included from [01m[K/home/nuc/ros2_arm/src/arm_packet/include/arm.cpp:1[m[K:
[2.353s] [01m[K/home/nuc/ros2_arm/src/arm_packet/include/arm.hpp:10:10:[m[K [01;31m[Kfatal error: [m[Kdynamixel_sdk/dynamixel_sdk.h: No such file or directory
[2.353s]    10 | #include [01;31m[K<dynamixel_sdk/dynamixel_sdk.h>[m[K
[2.353s]       |          [01;31m[K^~~~~~~~~~~~~~~~~~~~~~~~~~~~~~~[m[K
[2.353s] compilation terminated.
[2.354s] make[2]: *** [CMakeFiles/arm_packet.dir/build.make:63: CMakeFiles/arm_packet.dir/include/arm.cpp.o] Error 1
[2.354s] make[1]: *** [CMakeFiles/Makefile2:80: CMakeFiles/arm_packet.dir/all] Error 2
[2.354s] make[1]: *** Waiting for unfinished jobs....
[2.446s] In file included from [01m[K/home/nuc/ros2_arm/src/arm_packet/include/arm.cpp:1[m[K,
[2.446s]                  from [01m[K/home/nuc/ros2_arm/src/arm_packet/src/arm_controll.cpp:9[m[K:
[2.446s] [01m[K/home/nuc/ros2_arm/src/arm_packet/include/arm.hpp:11:10:[m[K [01;31m[Kfatal error: [m[Kdynamixel_workbench_toolbox/dynamixel_workbench.h: No such file or directory
[2.446s]    11 | #include [01;31m[K<dynamixel_workbench_toolbox/dynamixel_workbench.h>[m[K
[2.446s]       |          [01;31m[K^~~~~~~~~~~~~~~~~~~~~~~~~~~~~~~~~~~~~~~~~~~~~~~~~~~[m[K
[2.446s] compilation terminated.
[2.447s] make[2]: *** [CMakeFiles/arm_controll.dir/build.make:63: CMakeFiles/arm_controll.dir/src/arm_controll.cpp.o] Error 1
[2.447s] make[1]: *** [CMakeFiles/Makefile2:107: CMakeFiles/arm_controll.dir/all] Error 2
[2.447s] make: *** [Makefile:141: all] Error 2
[2.449s] Invoked command in '/home/nuc/ros2_arm/src/arm_packet/build/arm_packet' returned '2': CMAKE_PREFIX_PATH=${CMAKE_PREFIX_PATH}:/home/nuc/ros2_rolling/install/rqt_bag_plugins:/home/nuc/ros2_rolling/install/rqt_bag:/home/nuc/ros2_rolling/install/ros2bag:/home/nuc/ros2_rolling/install/tracetools_launch:/home/nuc/ros2_rolling/install/topic_monitor:/home/nuc/ros2_rolling/install/tf2_tools:/home/nuc/ros2_rolling/install/examples_tf2_py:/home/nuc/ros2_rolling/install/tf2_ros_py:/home/nuc/ros2_rolling/install/sros2:/home/nuc/ros2_rolling/install/rqt_topic:/home/nuc/ros2_rolling/install/rqt_srv:/home/nuc/ros2_rolling/install/rqt_shell:/home/nuc/ros2_rolling/install/rqt_service_caller:/home/nuc/ros2_rolling/install/rqt_reconfigure:/home/nuc/ros2_rolling/install/rqt_py_console:/home/nuc/ros2_rolling/install/rqt_publisher:/home/nuc/ros2_rolling/install/rqt_plot:/home/nuc/ros2_rolling/install/rqt_action:/home/nuc/ros2_rolling/install/rqt_msg:/home/nuc/ros2_rolling/install/rqt_console:/home/nuc/ros2_rolling/install/rqt:/home/nuc/ros2_rolling/install/rqt_graph:/home/nuc/ros2_rolling/install/rqt_gui_py:/home/nuc/ros2_rolling/install/rqt_gui:/home/nuc/ros2_rolling/install/ros2trace:/home/nuc/ros2_rolling/install/ros2topic:/home/nuc/ros2_rolling/install/ros2test:/home/nuc/ros2_rolling/install/ros2component:/home/nuc/ros2_rolling/install/ros2param:/home/nuc/ros2_rolling/install/ros2lifecycle:/home/nuc/ros2_rolling/install/ros2service:/home/nuc/ros2_rolling/install/ros2run:/home/nuc/ros2_rolling/install/ros2launch:/home/nuc/ros2_rolling/install/ros2pkg:/home/nuc/ros2_rolling/install/ros2node:/home/nuc/ros2_rolling/install/ros2multicast:/home/nuc/ros2_rolling/install/ros2interface:/home/nuc/ros2_rolling/install/ros2doctor:/home/nuc/ros2_rolling/install/ros2action:/home/nuc/ros2_rolling/install/ros2cli:/home/nuc/ros2_rolling/install/quality_of_service_demo_py:/home/nuc/ros2_rolling/install/launch_testing_ros:/home/nuc/ros2_rolling/install/launch_ros:/home/nuc/ros2_rolling/install/examples_rclpy_pointcloud_publisher:/home/nuc/ros2_rolling/install/examples_rclpy_minimal_subscriber:/home/nuc/ros2_rolling/install/examples_rclpy_minimal_service:/home/nuc/ros2_rolling/install/examples_rclpy_minimal_publisher:/home/nuc/ros2_rolling/install/examples_rclpy_minimal_client:/home/nuc/ros2_rolling/install/examples_rclpy_minimal_action_server:/home/nuc/ros2_rolling/install/examples_rclpy_minimal_action_client:/home/nuc/ros2_rolling/install/examples_rclpy_guard_conditions:/home/nuc/ros2_rolling/install/examples_rclpy_executors:/home/nuc/ros2_rolling/install/demo_nodes_py:/home/nuc/ros2_rolling/install/action_tutorials_py:/home/nuc/ros2_rolling/install/ament_uncrustify:/home/nuc/ros2_rolling/install/tracetools_trace:/home/nuc/ros2_rolling/install/tracetools_read:/home/nuc/ros2_rolling/install/test_launch_ros:/home/nuc/ros2_rolling/install/sensor_msgs_py:/home/nuc/ros2_rolling/install/rpyutils:/home/nuc/ros2_rolling/install/rosidl_runtime_py:/home/nuc/ros2_rolling/install/rosidl_cli:/home/nuc/ros2_rolling/install/launch_yaml:/home/nuc/ros2_rolling/install/launch_xml:/home/nuc/ros2_rolling/install/launch_testing:/home/nuc/ros2_rolling/install/launch:/home/nuc/ros2_rolling/install/osrf_pycommon:/home/nuc/ros2_rolling/install/domain_coordinator:/home/nuc/ros2_rolling/install/ament_xmllint:/home/nuc/ros2_rolling/install/ament_pyflakes:/home/nuc/ros2_rolling/install/ament_pycodestyle:/home/nuc/ros2_rolling/install/ament_pep257:/home/nuc/ros2_rolling/install/ament_pclint:/home/nuc/ros2_rolling/install/ament_package:/home/nuc/ros2_rolling/install/ament_mypy:/home/nuc/ros2_rolling/install/ament_lint_cmake:/home/nuc/ros2_rolling/install/ament_flake8:/home/nuc/ros2_rolling/install/ament_copyright:/home/nuc/ros2_rolling/install/ament_lint:/home/nuc/ros2_rolling/install/ament_index_python:/home/nuc/ros2_rolling/install/ament_cpplint:/home/nuc/ros2_rolling/install/ament_cppcheck:/home/nuc/ros2_rolling/install/ament_clang_tidy:/home/nuc/ros2_rolling/install/ament_clang_format:/opt/ros/foxy /usr/bin/cmake --build /home/nuc/ros2_arm/src/arm_packet/build/arm_packet -- -j4 -l4
